2023-07-18 09:01:46.462 seatunnel DESKTOP-7PJC4E4 INFO [main] [JettyServletWebServerFactory.getWebServer():166] - Server initialized with port: 8801
2023-07-18 09:01:46.493 seatunnel DESKTOP-7PJC4E4 INFO [main] [ServletWebServerApplicationContext.prepareWebApplicationContext():290] - Root WebApplicationContext: initialization completed in 1800 ms
2023-07-18 09:01:49.828 seatunnel DESKTOP-7PJC4E4 WARN [main] [AbstractApplicationContext.refresh():591] - Exception encountered during context initialization - cancelling refresh attempt: org.springframework.beans.factory.BeanCreationException: Error creating bean with name 'scriptController': Injection of resource dependencies failed; nested exception is org.springframework.beans.factory.BeanCreationException: Error creating bean with name 'scriptServiceImpl': Injection of resource dependencies failed; nested exception is org.springframework.beans.factory.BeanCreationException: Error creating bean with name 'instanceServiceImpl': Injection of resource dependencies failed; nested exception is org.springframework.beans.factory.BeanCreationException: Error creating bean with name 'dolphinschedulerServiceImpl' defined in file [E:\resource\stu\github\local\box\docker\etl\seatunnel\seatunnel-web-main\seatunnel-server\seatunnel-scheduler\seatunnel-scheduler-dolphinscheduler\target\classes\org\apache\seatunnel\scheduler\dolphinscheduler\impl\DolphinschedulerServiceImpl.class]: Invocation of init method failed; nested exception is org.apache.seatunnel.server.common.SeatunnelException: Http request failed, url is http://127.0.0.1:12345/dolphinscheduler/projects
2023-07-18 09:01:49.875 seatunnel DESKTOP-7PJC4E4 INFO [main] [ConditionEvaluationReportLoggingListener.logMessage():136] - 

Error starting ApplicationContext. To display the conditions report re-run your application with 'debug' enabled.
2023-07-18 09:01:49.917 seatunnel DESKTOP-7PJC4E4 ERROR [main] [SpringApplication.reportFailure():835] - Application run failed
org.springframework.beans.factory.BeanCreationException: Error creating bean with name 'scriptController': Injection of resource dependencies failed; nested exception is org.springframework.beans.factory.BeanCreationException: Error creating bean with name 'scriptServiceImpl': Injection of resource dependencies failed; nested exception is org.springframework.beans.factory.BeanCreationException: Error creating bean with name 'instanceServiceImpl': Injection of resource dependencies failed; nested exception is org.springframework.beans.factory.BeanCreationException: Error creating bean with name 'dolphinschedulerServiceImpl' defined in file [E:\resource\stu\github\local\box\docker\etl\seatunnel\seatunnel-web-main\seatunnel-server\seatunnel-scheduler\seatunnel-scheduler-dolphinscheduler\target\classes\org\apache\seatunnel\scheduler\dolphinscheduler\impl\DolphinschedulerServiceImpl.class]: Invocation of init method failed; nested exception is org.apache.seatunnel.server.common.SeatunnelException: Http request failed, url is http://127.0.0.1:12345/dolphinscheduler/projects
	at org.springframework.context.annotation.CommonAnnotationBeanPostProcessor.postProcessProperties(CommonAnnotationBeanPostProcessor.java:332)
	at org.springframework.beans.factory.support.AbstractAutowireCapableBeanFactory.populateBean(AbstractAutowireCapableBeanFactory.java:1431)
	at org.springframework.beans.factory.support.AbstractAutowireCapableBeanFactory.doCreateBean(AbstractAutowireCapableBeanFactory.java:619)
	at org.springframework.beans.factory.support.AbstractAutowireCapableBeanFactory.createBean(AbstractAutowireCapableBeanFactory.java:542)
	at org.springframework.beans.factory.support.AbstractBeanFactory.lambda$doGetBean$0(AbstractBeanFactory.java:335)
	at org.springframework.beans.factory.support.DefaultSingletonBeanRegistry.getSingleton(DefaultSingletonBeanRegistry.java:234)
	at org.springframework.beans.factory.support.AbstractBeanFactory.doGetBean(AbstractBeanFactory.java:333)
	at org.springframework.beans.factory.support.AbstractBeanFactory.getBean(AbstractBeanFactory.java:208)
	at org.springframework.beans.factory.support.DefaultListableBeanFactory.preInstantiateSingletons(DefaultListableBeanFactory.java:953)
	at org.springframework.context.support.AbstractApplicationContext.finishBeanFactoryInitialization(AbstractApplicationContext.java:918)
	at org.springframework.context.support.AbstractApplicationContext.refresh(AbstractApplicationContext.java:583)
	at org.springframework.boot.web.servlet.context.ServletWebServerApplicationContext.refresh(ServletWebServerApplicationContext.java:145)
	at org.springframework.boot.SpringApplication.refresh(SpringApplication.java:745)
	at org.springframework.boot.SpringApplication.refreshContext(SpringApplication.java:420)
	at org.springframework.boot.SpringApplication.run(SpringApplication.java:307)
	at org.springframework.boot.SpringApplication.run(SpringApplication.java:1317)
	at org.springframework.boot.SpringApplication.run(SpringApplication.java:1306)
	at org.apache.seatunnel.app.SeatunnelApplication.main(SeatunnelApplication.java:36)
Caused by: org.springframework.beans.factory.BeanCreationException: Error creating bean with name 'scriptServiceImpl': Injection of resource dependencies failed; nested exception is org.springframework.beans.factory.BeanCreationException: Error creating bean with name 'instanceServiceImpl': Injection of resource dependencies failed; nested exception is org.springframework.beans.factory.BeanCreationException: Error creating bean with name 'dolphinschedulerServiceImpl' defined in file [E:\resource\stu\github\local\box\docker\etl\seatunnel\seatunnel-web-main\seatunnel-server\seatunnel-scheduler\seatunnel-scheduler-dolphinscheduler\target\classes\org\apache\seatunnel\scheduler\dolphinscheduler\impl\DolphinschedulerServiceImpl.class]: Invocation of init method failed; nested exception is org.apache.seatunnel.server.common.SeatunnelException: Http request failed, url is http://127.0.0.1:12345/dolphinscheduler/projects
	at org.springframework.context.annotation.CommonAnnotationBeanPostProcessor.postProcessProperties(CommonAnnotationBeanPostProcessor.java:332)
	at org.springframework.beans.factory.support.AbstractAutowireCapableBeanFactory.populateBean(AbstractAutowireCapableBeanFactory.java:1431)
	at org.springframework.beans.factory.support.AbstractAutowireCapableBeanFactory.doCreateBean(AbstractAutowireCapableBeanFactory.java:619)
	at org.springframework.beans.factory.support.AbstractAutowireCapableBeanFactory.createBean(AbstractAutowireCapableBeanFactory.java:542)
	at org.springframework.beans.factory.support.AbstractBeanFactory.lambda$doGetBean$0(AbstractBeanFactory.java:335)
	at org.springframework.beans.factory.support.DefaultSingletonBeanRegistry.getSingleton(DefaultSingletonBeanRegistry.java:234)
	at org.springframework.beans.factory.support.AbstractBeanFactory.doGetBean(AbstractBeanFactory.java:333)
	at org.springframework.beans.factory.support.AbstractBeanFactory.getBean(AbstractBeanFactory.java:208)
	at org.springframework.beans.factory.config.DependencyDescriptor.resolveCandidate(DependencyDescriptor.java:276)
	at org.springframework.beans.factory.support.DefaultListableBeanFactory.doResolveDependency(DefaultListableBeanFactory.java:1389)
	at org.springframework.beans.factory.support.DefaultListableBeanFactory.resolveDependency(DefaultListableBeanFactory.java:1309)
	at org.springframework.context.annotation.CommonAnnotationBeanPostProcessor.autowireResource(CommonAnnotationBeanPostProcessor.java:544)
	at org.springframework.context.annotation.CommonAnnotationBeanPostProcessor.getResource(CommonAnnotationBeanPostProcessor.java:520)
	at org.springframework.context.annotation.CommonAnnotationBeanPostProcessor$ResourceElement.getResourceToInject(CommonAnnotationBeanPostProcessor.java:673)
	at org.springframework.beans.factory.annotation.InjectionMetadata$InjectedElement.inject(InjectionMetadata.java:228)
	at org.springframework.beans.factory.annotation.InjectionMetadata.inject(InjectionMetadata.java:119)
	at org.springframework.context.annotation.CommonAnnotationBeanPostProcessor.postProcessProperties(CommonAnnotationBeanPostProcessor.java:329)
	... 17 common frames omitted
Caused by: org.springframework.beans.factory.BeanCreationException: Error creating bean with name 'instanceServiceImpl': Injection of resource dependencies failed; nested exception is org.springframework.beans.factory.BeanCreationException: Error creating bean with name 'dolphinschedulerServiceImpl' defined in file [E:\resource\stu\github\local\box\docker\etl\seatunnel\seatunnel-web-main\seatunnel-server\seatunnel-scheduler\seatunnel-scheduler-dolphinscheduler\target\classes\org\apache\seatunnel\scheduler\dolphinscheduler\impl\DolphinschedulerServiceImpl.class]: Invocation of init method failed; nested exception is org.apache.seatunnel.server.common.SeatunnelException: Http request failed, url is http://127.0.0.1:12345/dolphinscheduler/projects
	at org.springframework.context.annotation.CommonAnnotationBeanPostProcessor.postProcessProperties(CommonAnnotationBeanPostProcessor.java:332)
	at org.springframework.beans.factory.support.AbstractAutowireCapableBeanFactory.populateBean(AbstractAutowireCapableBeanFactory.java:1431)
	at org.springframework.beans.factory.support.AbstractAutowireCapableBeanFactory.doCreateBean(AbstractAutowireCapableBeanFactory.java:619)
	at org.springframework.beans.factory.support.AbstractAutowireCapableBeanFactory.createBean(AbstractAutowireCapableBeanFactory.java:542)
	at org.springframework.beans.factory.support.AbstractBeanFactory.lambda$doGetBean$0(AbstractBeanFactory.java:335)
	at org.springframework.beans.factory.support.DefaultSingletonBeanRegistry.getSingleton(DefaultSingletonBeanRegistry.java:234)
	at org.springframework.beans.factory.support.AbstractBeanFactory.doGetBean(AbstractBeanFactory.java:333)
	at org.springframework.beans.factory.support.AbstractBeanFactory.getBean(AbstractBeanFactory.java:208)
	at org.springframework.beans.factory.config.DependencyDescriptor.resolveCandidate(DependencyDescriptor.java:276)
	at org.springframework.beans.factory.support.DefaultListableBeanFactory.doResolveDependency(DefaultListableBeanFactory.java:1389)
	at org.springframework.beans.factory.support.DefaultListableBeanFactory.resolveDependency(DefaultListableBeanFactory.java:1309)
	at org.springframework.context.annotation.CommonAnnotationBeanPostProcessor.autowireResource(CommonAnnotationBeanPostProcessor.java:544)
	at org.springframework.context.annotation.CommonAnnotationBeanPostProcessor.getResource(CommonAnnotationBeanPostProcessor.java:520)
	at org.springframework.context.annotation.CommonAnnotationBeanPostProcessor$ResourceElement.getResourceToInject(CommonAnnotationBeanPostProcessor.java:673)
	at org.springframework.beans.factory.annotation.InjectionMetadata$InjectedElement.inject(InjectionMetadata.java:228)
	at org.springframework.beans.factory.annotation.InjectionMetadata.inject(InjectionMetadata.java:119)
	at org.springframework.context.annotation.CommonAnnotationBeanPostProcessor.postProcessProperties(CommonAnnotationBeanPostProcessor.java:329)
	... 33 common frames omitted
Caused by: org.springframework.beans.factory.BeanCreationException: Error creating bean with name 'dolphinschedulerServiceImpl' defined in file [E:\resource\stu\github\local\box\docker\etl\seatunnel\seatunnel-web-main\seatunnel-server\seatunnel-scheduler\seatunnel-scheduler-dolphinscheduler\target\classes\org\apache\seatunnel\scheduler\dolphinscheduler\impl\DolphinschedulerServiceImpl.class]: Invocation of init method failed; nested exception is org.apache.seatunnel.server.common.SeatunnelException: Http request failed, url is http://127.0.0.1:12345/dolphinscheduler/projects
	at org.springframework.beans.factory.support.AbstractAutowireCapableBeanFactory.initializeBean(AbstractAutowireCapableBeanFactory.java:1804)
	at org.springframework.beans.factory.support.AbstractAutowireCapableBeanFactory.doCreateBean(AbstractAutowireCapableBeanFactory.java:620)
	at org.springframework.beans.factory.support.AbstractAutowireCapableBeanFactory.createBean(AbstractAutowireCapableBeanFactory.java:542)
	at org.springframework.beans.factory.support.AbstractBeanFactory.lambda$doGetBean$0(AbstractBeanFactory.java:335)
	at org.springframework.beans.factory.support.DefaultSingletonBeanRegistry.getSingleton(DefaultSingletonBeanRegistry.java:234)
	at org.springframework.beans.factory.support.AbstractBeanFactory.doGetBean(AbstractBeanFactory.java:333)
	at org.springframework.beans.factory.support.AbstractBeanFactory.getBean(AbstractBeanFactory.java:208)
	at org.springframework.beans.factory.config.DependencyDescriptor.resolveCandidate(DependencyDescriptor.java:276)
	at org.springframework.beans.factory.support.DefaultListableBeanFactory.doResolveDependency(DefaultListableBeanFactory.java:1389)
	at org.springframework.beans.factory.support.DefaultListableBeanFactory.resolveDependency(DefaultListableBeanFactory.java:1309)
	at org.springframework.context.annotation.CommonAnnotationBeanPostProcessor.autowireResource(CommonAnnotationBeanPostProcessor.java:544)
	at org.springframework.context.annotation.CommonAnnotationBeanPostProcessor.getResource(CommonAnnotationBeanPostProcessor.java:520)
	at org.springframework.context.annotation.CommonAnnotationBeanPostProcessor$ResourceElement.getResourceToInject(CommonAnnotationBeanPostProcessor.java:673)
	at org.springframework.beans.factory.annotation.InjectionMetadata$InjectedElement.inject(InjectionMetadata.java:228)
	at org.springframework.beans.factory.annotation.InjectionMetadata.inject(InjectionMetadata.java:119)
	at org.springframework.context.annotation.CommonAnnotationBeanPostProcessor.postProcessProperties(CommonAnnotationBeanPostProcessor.java:329)
	... 49 common frames omitted
Caused by: org.apache.seatunnel.server.common.SeatunnelException: Http request failed, url is http://127.0.0.1:12345/dolphinscheduler/projects
	at org.apache.seatunnel.scheduler.dolphinscheduler.utils.HttpUtils$Builder.execute(HttpUtils.java:159)
	at org.apache.seatunnel.scheduler.dolphinscheduler.impl.DolphinschedulerServiceImpl.queryProjectCodeByName(DolphinschedulerServiceImpl.java:510)
	at org.apache.seatunnel.scheduler.dolphinscheduler.impl.DolphinschedulerServiceImpl.afterPropertiesSet(DolphinschedulerServiceImpl.java:200)
	at org.springframework.beans.factory.support.AbstractAutowireCapableBeanFactory.invokeInitMethods(AbstractAutowireCapableBeanFactory.java:1863)
	at org.springframework.beans.factory.support.AbstractAutowireCapableBeanFactory.initializeBean(AbstractAutowireCapableBeanFactory.java:1800)
	... 64 common frames omitted
2023-07-18 09:05:43.521 seatunnel DESKTOP-7PJC4E4 INFO [main] [JettyServletWebServerFactory.getWebServer():166] - Server initialized with port: 8801
2023-07-18 09:05:43.589 seatunnel DESKTOP-7PJC4E4 INFO [main] [ServletWebServerApplicationContext.prepareWebApplicationContext():290] - Root WebApplicationContext: initialization completed in 4033 ms
2023-07-18 09:05:46.742 seatunnel DESKTOP-7PJC4E4 WARN [main] [AbstractApplicationContext.refresh():591] - Exception encountered during context initialization - cancelling refresh attempt: org.springframework.beans.factory.BeanCreationException: Error creating bean with name 'scriptController': Injection of resource dependencies failed; nested exception is org.springframework.beans.factory.BeanCreationException: Error creating bean with name 'scriptServiceImpl': Injection of resource dependencies failed; nested exception is org.springframework.beans.factory.BeanCreationException: Error creating bean with name 'instanceServiceImpl': Injection of resource dependencies failed; nested exception is org.springframework.beans.factory.BeanCreationException: Error creating bean with name 'dolphinschedulerServiceImpl' defined in file [E:\resource\stu\github\local\box\docker\etl\seatunnel\seatunnel-web-main\seatunnel-server\seatunnel-scheduler\seatunnel-scheduler-dolphinscheduler\target\classes\org\apache\seatunnel\scheduler\dolphinscheduler\impl\DolphinschedulerServiceImpl.class]: Invocation of init method failed; nested exception is org.apache.seatunnel.server.common.SeatunnelException: Http request failed, url is http://127.0.0.1:12345/dolphinscheduler/projects
2023-07-18 09:05:46.780 seatunnel DESKTOP-7PJC4E4 INFO [main] [ConditionEvaluationReportLoggingListener.logMessage():136] - 

Error starting ApplicationContext. To display the conditions report re-run your application with 'debug' enabled.
2023-07-18 09:05:46.854 seatunnel DESKTOP-7PJC4E4 ERROR [main] [SpringApplication.reportFailure():835] - Application run failed
org.springframework.beans.factory.BeanCreationException: Error creating bean with name 'scriptController': Injection of resource dependencies failed; nested exception is org.springframework.beans.factory.BeanCreationException: Error creating bean with name 'scriptServiceImpl': Injection of resource dependencies failed; nested exception is org.springframework.beans.factory.BeanCreationException: Error creating bean with name 'instanceServiceImpl': Injection of resource dependencies failed; nested exception is org.springframework.beans.factory.BeanCreationException: Error creating bean with name 'dolphinschedulerServiceImpl' defined in file [E:\resource\stu\github\local\box\docker\etl\seatunnel\seatunnel-web-main\seatunnel-server\seatunnel-scheduler\seatunnel-scheduler-dolphinscheduler\target\classes\org\apache\seatunnel\scheduler\dolphinscheduler\impl\DolphinschedulerServiceImpl.class]: Invocation of init method failed; nested exception is org.apache.seatunnel.server.common.SeatunnelException: Http request failed, url is http://127.0.0.1:12345/dolphinscheduler/projects
	at org.springframework.context.annotation.CommonAnnotationBeanPostProcessor.postProcessProperties(CommonAnnotationBeanPostProcessor.java:332)
	at org.springframework.beans.factory.support.AbstractAutowireCapableBeanFactory.populateBean(AbstractAutowireCapableBeanFactory.java:1431)
	at org.springframework.beans.factory.support.AbstractAutowireCapableBeanFactory.doCreateBean(AbstractAutowireCapableBeanFactory.java:619)
	at org.springframework.beans.factory.support.AbstractAutowireCapableBeanFactory.createBean(AbstractAutowireCapableBeanFactory.java:542)
	at org.springframework.beans.factory.support.AbstractBeanFactory.lambda$doGetBean$0(AbstractBeanFactory.java:335)
	at org.springframework.beans.factory.support.DefaultSingletonBeanRegistry.getSingleton(DefaultSingletonBeanRegistry.java:234)
	at org.springframework.beans.factory.support.AbstractBeanFactory.doGetBean(AbstractBeanFactory.java:333)
	at org.springframework.beans.factory.support.AbstractBeanFactory.getBean(AbstractBeanFactory.java:208)
	at org.springframework.beans.factory.support.DefaultListableBeanFactory.preInstantiateSingletons(DefaultListableBeanFactory.java:953)
	at org.springframework.context.support.AbstractApplicationContext.finishBeanFactoryInitialization(AbstractApplicationContext.java:918)
	at org.springframework.context.support.AbstractApplicationContext.refresh(AbstractApplicationContext.java:583)
	at org.springframework.boot.web.servlet.context.ServletWebServerApplicationContext.refresh(ServletWebServerApplicationContext.java:145)
	at org.springframework.boot.SpringApplication.refresh(SpringApplication.java:745)
	at org.springframework.boot.SpringApplication.refreshContext(SpringApplication.java:420)
	at org.springframework.boot.SpringApplication.run(SpringApplication.java:307)
	at org.springframework.boot.SpringApplication.run(SpringApplication.java:1317)
	at org.springframework.boot.SpringApplication.run(SpringApplication.java:1306)
	at org.apache.seatunnel.app.SeatunnelApplication.main(SeatunnelApplication.java:36)
Caused by: org.springframework.beans.factory.BeanCreationException: Error creating bean with name 'scriptServiceImpl': Injection of resource dependencies failed; nested exception is org.springframework.beans.factory.BeanCreationException: Error creating bean with name 'instanceServiceImpl': Injection of resource dependencies failed; nested exception is org.springframework.beans.factory.BeanCreationException: Error creating bean with name 'dolphinschedulerServiceImpl' defined in file [E:\resource\stu\github\local\box\docker\etl\seatunnel\seatunnel-web-main\seatunnel-server\seatunnel-scheduler\seatunnel-scheduler-dolphinscheduler\target\classes\org\apache\seatunnel\scheduler\dolphinscheduler\impl\DolphinschedulerServiceImpl.class]: Invocation of init method failed; nested exception is org.apache.seatunnel.server.common.SeatunnelException: Http request failed, url is http://127.0.0.1:12345/dolphinscheduler/projects
	at org.springframework.context.annotation.CommonAnnotationBeanPostProcessor.postProcessProperties(CommonAnnotationBeanPostProcessor.java:332)
	at org.springframework.beans.factory.support.AbstractAutowireCapableBeanFactory.populateBean(AbstractAutowireCapableBeanFactory.java:1431)
	at org.springframework.beans.factory.support.AbstractAutowireCapableBeanFactory.doCreateBean(AbstractAutowireCapableBeanFactory.java:619)
	at org.springframework.beans.factory.support.AbstractAutowireCapableBeanFactory.createBean(AbstractAutowireCapableBeanFactory.java:542)
	at org.springframework.beans.factory.support.AbstractBeanFactory.lambda$doGetBean$0(AbstractBeanFactory.java:335)
	at org.springframework.beans.factory.support.DefaultSingletonBeanRegistry.getSingleton(DefaultSingletonBeanRegistry.java:234)
	at org.springframework.beans.factory.support.AbstractBeanFactory.doGetBean(AbstractBeanFactory.java:333)
	at org.springframework.beans.factory.support.AbstractBeanFactory.getBean(AbstractBeanFactory.java:208)
	at org.springframework.beans.factory.config.DependencyDescriptor.resolveCandidate(DependencyDescriptor.java:276)
	at org.springframework.beans.factory.support.DefaultListableBeanFactory.doResolveDependency(DefaultListableBeanFactory.java:1389)
	at org.springframework.beans.factory.support.DefaultListableBeanFactory.resolveDependency(DefaultListableBeanFactory.java:1309)
	at org.springframework.context.annotation.CommonAnnotationBeanPostProcessor.autowireResource(CommonAnnotationBeanPostProcessor.java:544)
	at org.springframework.context.annotation.CommonAnnotationBeanPostProcessor.getResource(CommonAnnotationBeanPostProcessor.java:520)
	at org.springframework.context.annotation.CommonAnnotationBeanPostProcessor$ResourceElement.getResourceToInject(CommonAnnotationBeanPostProcessor.java:673)
	at org.springframework.beans.factory.annotation.InjectionMetadata$InjectedElement.inject(InjectionMetadata.java:228)
	at org.springframework.beans.factory.annotation.InjectionMetadata.inject(InjectionMetadata.java:119)
	at org.springframework.context.annotation.CommonAnnotationBeanPostProcessor.postProcessProperties(CommonAnnotationBeanPostProcessor.java:329)
	... 17 common frames omitted
Caused by: org.springframework.beans.factory.BeanCreationException: Error creating bean with name 'instanceServiceImpl': Injection of resource dependencies failed; nested exception is org.springframework.beans.factory.BeanCreationException: Error creating bean with name 'dolphinschedulerServiceImpl' defined in file [E:\resource\stu\github\local\box\docker\etl\seatunnel\seatunnel-web-main\seatunnel-server\seatunnel-scheduler\seatunnel-scheduler-dolphinscheduler\target\classes\org\apache\seatunnel\scheduler\dolphinscheduler\impl\DolphinschedulerServiceImpl.class]: Invocation of init method failed; nested exception is org.apache.seatunnel.server.common.SeatunnelException: Http request failed, url is http://127.0.0.1:12345/dolphinscheduler/projects
	at org.springframework.context.annotation.CommonAnnotationBeanPostProcessor.postProcessProperties(CommonAnnotationBeanPostProcessor.java:332)
	at org.springframework.beans.factory.support.AbstractAutowireCapableBeanFactory.populateBean(AbstractAutowireCapableBeanFactory.java:1431)
	at org.springframework.beans.factory.support.AbstractAutowireCapableBeanFactory.doCreateBean(AbstractAutowireCapableBeanFactory.java:619)
	at org.springframework.beans.factory.support.AbstractAutowireCapableBeanFactory.createBean(AbstractAutowireCapableBeanFactory.java:542)
	at org.springframework.beans.factory.support.AbstractBeanFactory.lambda$doGetBean$0(AbstractBeanFactory.java:335)
	at org.springframework.beans.factory.support.DefaultSingletonBeanRegistry.getSingleton(DefaultSingletonBeanRegistry.java:234)
	at org.springframework.beans.factory.support.AbstractBeanFactory.doGetBean(AbstractBeanFactory.java:333)
	at org.springframework.beans.factory.support.AbstractBeanFactory.getBean(AbstractBeanFactory.java:208)
	at org.springframework.beans.factory.config.DependencyDescriptor.resolveCandidate(DependencyDescriptor.java:276)
	at org.springframework.beans.factory.support.DefaultListableBeanFactory.doResolveDependency(DefaultListableBeanFactory.java:1389)
	at org.springframework.beans.factory.support.DefaultListableBeanFactory.resolveDependency(DefaultListableBeanFactory.java:1309)
	at org.springframework.context.annotation.CommonAnnotationBeanPostProcessor.autowireResource(CommonAnnotationBeanPostProcessor.java:544)
	at org.springframework.context.annotation.CommonAnnotationBeanPostProcessor.getResource(CommonAnnotationBeanPostProcessor.java:520)
	at org.springframework.context.annotation.CommonAnnotationBeanPostProcessor$ResourceElement.getResourceToInject(CommonAnnotationBeanPostProcessor.java:673)
	at org.springframework.beans.factory.annotation.InjectionMetadata$InjectedElement.inject(InjectionMetadata.java:228)
	at org.springframework.beans.factory.annotation.InjectionMetadata.inject(InjectionMetadata.java:119)
	at org.springframework.context.annotation.CommonAnnotationBeanPostProcessor.postProcessProperties(CommonAnnotationBeanPostProcessor.java:329)
	... 33 common frames omitted
Caused by: org.springframework.beans.factory.BeanCreationException: Error creating bean with name 'dolphinschedulerServiceImpl' defined in file [E:\resource\stu\github\local\box\docker\etl\seatunnel\seatunnel-web-main\seatunnel-server\seatunnel-scheduler\seatunnel-scheduler-dolphinscheduler\target\classes\org\apache\seatunnel\scheduler\dolphinscheduler\impl\DolphinschedulerServiceImpl.class]: Invocation of init method failed; nested exception is org.apache.seatunnel.server.common.SeatunnelException: Http request failed, url is http://127.0.0.1:12345/dolphinscheduler/projects
	at org.springframework.beans.factory.support.AbstractAutowireCapableBeanFactory.initializeBean(AbstractAutowireCapableBeanFactory.java:1804)
	at org.springframework.beans.factory.support.AbstractAutowireCapableBeanFactory.doCreateBean(AbstractAutowireCapableBeanFactory.java:620)
	at org.springframework.beans.factory.support.AbstractAutowireCapableBeanFactory.createBean(AbstractAutowireCapableBeanFactory.java:542)
	at org.springframework.beans.factory.support.AbstractBeanFactory.lambda$doGetBean$0(AbstractBeanFactory.java:335)
	at org.springframework.beans.factory.support.DefaultSingletonBeanRegistry.getSingleton(DefaultSingletonBeanRegistry.java:234)
	at org.springframework.beans.factory.support.AbstractBeanFactory.doGetBean(AbstractBeanFactory.java:333)
	at org.springframework.beans.factory.support.AbstractBeanFactory.getBean(AbstractBeanFactory.java:208)
	at org.springframework.beans.factory.config.DependencyDescriptor.resolveCandidate(DependencyDescriptor.java:276)
	at org.springframework.beans.factory.support.DefaultListableBeanFactory.doResolveDependency(DefaultListableBeanFactory.java:1389)
	at org.springframework.beans.factory.support.DefaultListableBeanFactory.resolveDependency(DefaultListableBeanFactory.java:1309)
	at org.springframework.context.annotation.CommonAnnotationBeanPostProcessor.autowireResource(CommonAnnotationBeanPostProcessor.java:544)
	at org.springframework.context.annotation.CommonAnnotationBeanPostProcessor.getResource(CommonAnnotationBeanPostProcessor.java:520)
	at org.springframework.context.annotation.CommonAnnotationBeanPostProcessor$ResourceElement.getResourceToInject(CommonAnnotationBeanPostProcessor.java:673)
	at org.springframework.beans.factory.annotation.InjectionMetadata$InjectedElement.inject(InjectionMetadata.java:228)
	at org.springframework.beans.factory.annotation.InjectionMetadata.inject(InjectionMetadata.java:119)
	at org.springframework.context.annotation.CommonAnnotationBeanPostProcessor.postProcessProperties(CommonAnnotationBeanPostProcessor.java:329)
	... 49 common frames omitted
Caused by: org.apache.seatunnel.server.common.SeatunnelException: Http request failed, url is http://127.0.0.1:12345/dolphinscheduler/projects
	at org.apache.seatunnel.scheduler.dolphinscheduler.utils.HttpUtils$Builder.execute(HttpUtils.java:159)
	at org.apache.seatunnel.scheduler.dolphinscheduler.impl.DolphinschedulerServiceImpl.queryProjectCodeByName(DolphinschedulerServiceImpl.java:510)
	at org.apache.seatunnel.scheduler.dolphinscheduler.impl.DolphinschedulerServiceImpl.afterPropertiesSet(DolphinschedulerServiceImpl.java:200)
	at org.springframework.beans.factory.support.AbstractAutowireCapableBeanFactory.invokeInitMethods(AbstractAutowireCapableBeanFactory.java:1863)
	at org.springframework.beans.factory.support.AbstractAutowireCapableBeanFactory.initializeBean(AbstractAutowireCapableBeanFactory.java:1800)
	... 64 common frames omitted
2023-07-18 09:06:40.208 seatunnel DESKTOP-7PJC4E4 INFO [main] [JettyServletWebServerFactory.getWebServer():166] - Server initialized with port: 8801
2023-07-18 09:06:40.239 seatunnel DESKTOP-7PJC4E4 INFO [main] [ServletWebServerApplicationContext.prepareWebApplicationContext():290] - Root WebApplicationContext: initialization completed in 2771 ms
2023-07-18 09:06:46.466 seatunnel DESKTOP-7PJC4E4 INFO [main] [FrameworkServlet.initServletBean():525] - Initializing Servlet 'dispatcherServlet'
2023-07-18 09:06:46.466 seatunnel DESKTOP-7PJC4E4 INFO [main] [FrameworkServlet.initServletBean():547] - Completed initialization in 0 ms
2023-07-18 09:06:46.482 seatunnel DESKTOP-7PJC4E4 INFO [main] [JettyWebServer.start():172] - Jetty started on port(s) 8801 (http/1.1) with context path '/'
